==2190450== Memcheck, a memory error detector
==2190450== Copyright (C) 2002-2017, and GNU GPL'd, by Julian Seward et al.
==2190450== Using Valgrind-3.15.0 and LibVEX; rerun with -h for copyright info
==2190450== Command: ./webserver config/webserv.conf
==2190450== 
Error opening /etc/hosts
==2190450== 
==2190450== HEAP SUMMARY:
==2190450==     in use at exit: 744 bytes in 2 blocks
==2190450==   total heap usage: 1,174 allocs, 1,172 frees, 230,334 bytes allocated
==2190450== 
==2190450== 360 bytes in 1 blocks are definitely lost in loss record 1 of 2
==2190450==    at 0x483BE63: operator new(unsigned long) (in /usr/lib/x86_64-linux-gnu/valgrind/vgpreload_memcheck-amd64-linux.so)
==2190450==    by 0x1115C2: clientHandler(int, Http*) (main.cpp:288)
==2190450==    by 0x111FB9: main (main.cpp:408)
==2190450== 
==2190450== 384 bytes in 1 blocks are definitely lost in loss record 2 of 2
==2190450==    at 0x483BE63: operator new(unsigned long) (in /usr/lib/x86_64-linux-gnu/valgrind/vgpreload_memcheck-amd64-linux.so)
==2190450==    by 0x1115DE: clientHandler(int, Http*) (main.cpp:289)
==2190450==    by 0x111FB9: main (main.cpp:408)
==2190450== 
==2190450== LEAK SUMMARY:
==2190450==    definitely lost: 744 bytes in 2 blocks
==2190450==    indirectly lost: 0 bytes in 0 blocks
==2190450==      possibly lost: 0 bytes in 0 blocks
==2190450==    still reachable: 0 bytes in 0 blocks
==2190450==         suppressed: 0 bytes in 0 blocks
==2190450== 
==2190450== For lists of detected and suppressed errors, rerun with: -s
==2190450== ERROR SUMMARY: 2 errors from 2 contexts (suppressed: 0 from 0)
